2017-05-14 17:04:09,770 [ERROR] from play.api.libs.crypto.CryptoConfigParser in main - The application secret has not been set, and we are in prod mode. Your application is not secure.
2017-05-14 17:04:09,772 [ERROR] from play.api.libs.crypto.CryptoConfigParser in main - To set the application secret, please read http://playframework.com/documentation/latest/ApplicationSecret
2017-05-14 17:04:09,780 [ERROR] from play.api.libs.crypto.CryptoConfigParser in main - The application secret has not been set, and we are in prod mode. Your application is not secure.
2017-05-14 17:04:09,780 [ERROR] from play.api.libs.crypto.CryptoConfigParser in main - To set the application secret, please read http://playframework.com/documentation/latest/ApplicationSecret
2017-05-14 17:04:09,781 [ERROR] from play.api.libs.crypto.CryptoConfigParser in main - The application secret has not been set, and we are in prod mode. Your application is not secure.
2017-05-14 17:04:09,781 [ERROR] from play.api.libs.crypto.CryptoConfigParser in main - To set the application secret, please read http://playframework.com/documentation/latest/ApplicationSecret
2017-05-14 17:04:09,833 [ERROR] from play.api.libs.crypto.CryptoConfigParser in main - The application secret has not been set, and we are in prod mode. Your application is not secure.
2017-05-14 17:04:09,834 [ERROR] from play.api.libs.crypto.CryptoConfigParser in main - To set the application secret, please read http://playframework.com/documentation/latest/ApplicationSecret
2017-05-14 17:04:09,835 [ERROR] from play.api.libs.crypto.CryptoConfigParser in main - The application secret has not been set, and we are in prod mode. Your application is not secure.
2017-05-14 17:04:09,835 [ERROR] from play.api.libs.crypto.CryptoConfigParser in main - To set the application secret, please read http://playframework.com/documentation/latest/ApplicationSecret
2017-05-14 17:04:09,836 [ERROR] from play.api.libs.crypto.CryptoConfigParser in main - The application secret has not been set, and we are in prod mode. Your application is not secure.
2017-05-14 17:04:09,836 [ERROR] from play.api.libs.crypto.CryptoConfigParser in main - To set the application secret, please read http://playframework.com/documentation/latest/ApplicationSecret
2017-05-14 17:04:09,963 [ERROR] from play.api.libs.crypto.CryptoConfigParser in main - The application secret has not been set, and we are in prod mode. Your application is not secure.
2017-05-14 17:04:09,963 [ERROR] from play.api.libs.crypto.CryptoConfigParser in main - To set the application secret, please read http://playframework.com/documentation/latest/ApplicationSecret
2017-05-14 17:04:09,964 [ERROR] from play.api.libs.crypto.CryptoConfigParser in main - The application secret has not been set, and we are in prod mode. Your application is not secure.
2017-05-14 17:04:09,964 [ERROR] from play.api.libs.crypto.CryptoConfigParser in main - To set the application secret, please read http://playframework.com/documentation/latest/ApplicationSecret
2017-05-14 17:04:09,965 [ERROR] from play.api.libs.crypto.CryptoConfigParser in main - The application secret has not been set, and we are in prod mode. Your application is not secure.
2017-05-14 17:04:09,965 [ERROR] from play.api.libs.crypto.CryptoConfigParser in main - To set the application secret, please read http://playframework.com/documentation/latest/ApplicationSecret
2017-05-14 17:08:16,849 [INFO] from play.api.Play in main - Application started (Prod)
2017-05-14 17:08:17,203 [INFO] from play.core.server.NettyServer in main - Listening for HTTP on /0:0:0:0:0:0:0:0:9000
2017-05-14 17:08:27,518 [WARN] from org.pcap4j.util.PropertiesLoader in application-akka.actor.default-dispatcher-2 - [org/pcap4j/pcap4j.properties] Could not get value by org.pcap4j.af.inet, use default value: null
2017-05-14 17:08:27,521 [WARN] from org.pcap4j.util.PropertiesLoader in application-akka.actor.default-dispatcher-2 - [org/pcap4j/pcap4j.properties] Could not get value by org.pcap4j.af.inet6, use default value: null
2017-05-14 17:08:27,521 [WARN] from org.pcap4j.util.PropertiesLoader in application-akka.actor.default-dispatcher-2 - [org/pcap4j/pcap4j.properties] Could not get value by org.pcap4j.af.packet, use default value: null
2017-05-14 17:08:27,521 [WARN] from org.pcap4j.util.PropertiesLoader in application-akka.actor.default-dispatcher-2 - [org/pcap4j/pcap4j.properties] Could not get value by org.pcap4j.af.link, use default value: null
2017-05-14 17:08:27,579 [WARN] from org.pcap4j.util.PropertiesLoader in application-akka.actor.default-dispatcher-2 - [org/pcap4j/pcap4j.properties] Could not get value by org.pcap4j.dlt.raw, use default value: null
