2017-05-14 16:29:38,478 [INFO] from play.api.Play in ForkJoinPool-1-worker-1 - Application started (Dev)
2017-05-14 16:29:39,569 [WARN] from org.pcap4j.util.PropertiesLoader in application-akka.actor.default-dispatcher-6 - [org/pcap4j/pcap4j.properties] Could not get value by org.pcap4j.af.inet, use default value: null
2017-05-14 16:29:39,572 [WARN] from org.pcap4j.util.PropertiesLoader in application-akka.actor.default-dispatcher-6 - [org/pcap4j/pcap4j.properties] Could not get value by org.pcap4j.af.inet6, use default value: null
2017-05-14 16:29:39,573 [WARN] from org.pcap4j.util.PropertiesLoader in application-akka.actor.default-dispatcher-6 - [org/pcap4j/pcap4j.properties] Could not get value by org.pcap4j.af.packet, use default value: null
2017-05-14 16:29:39,573 [WARN] from org.pcap4j.util.PropertiesLoader in application-akka.actor.default-dispatcher-6 - [org/pcap4j/pcap4j.properties] Could not get value by org.pcap4j.af.link, use default value: null
2017-05-14 16:29:39,620 [WARN] from org.pcap4j.util.PropertiesLoader in application-akka.actor.default-dispatcher-6 - [org/pcap4j/pcap4j.properties] Could not get value by org.pcap4j.dlt.raw, use default value: null
2017-05-14 16:29:40,821 [ERROR] from play.core.server.common.WebSocketFlowHandler in application-akka.actor.default-dispatcher-4 - WebSocket flow threw exception
java.lang.RuntimeException: com.fasterxml.jackson.databind.JsonMappingException: No serializer found for class org.pcap4j.packet.namednumber.Oui and no properties discovered to create BeanSerializer (to avoid exception, disable SerializationFeature.FAIL_ON_EMPTY_BEANS) ) (through reference chain: org.pcap4j.packet.EthernetHeader["dstAddr"]->org.pcap4j.util.MacAddress["oui"])
	at play.libs.Json.generateJson(Json.java:60)
	at play.libs.Json.stringify(Json.java:109)
	at play.core.j.JavaWebSocket$$anonfun$5.apply(JavaWebSocket.scala:103)
	at play.core.j.JavaWebSocket$$anonfun$5.apply(JavaWebSocket.scala:103)
	at akka.stream.impl.fusing.Map$$anon$8.onPush(Ops.scala:43)
	at akka.stream.impl.fusing.GraphInterpreter.processPush(GraphInterpreter.scala:747)
	at akka.stream.impl.fusing.GraphInterpreter.processEvent(GraphInterpreter.scala:710)
	at akka.stream.impl.fusing.GraphInterpreter.execute(GraphInterpreter.scala:616)
	at akka.stream.impl.fusing.GraphInterpreterShell.runBatch(ActorGraphInterpreter.scala:471)
	at akka.stream.impl.fusing.GraphInterpreterShell.receive(ActorGraphInterpreter.scala:410)
	at akka.stream.impl.fusing.ActorGraphInterpreter.akka$stream$impl$fusing$ActorGraphInterpreter$$processEvent(ActorGraphInterpreter.scala:603)
	at akka.stream.impl.fusing.ActorGraphInterpreter$$anonfun$receive$1.applyOrElse(ActorGraphInterpreter.scala:618)
	at akka.actor.Actor$class.aroundReceive(Actor.scala:497)
	at akka.stream.impl.fusing.ActorGraphInterpreter.aroundReceive(ActorGraphInterpreter.scala:529)
	at akka.actor.ActorCell.receiveMessage(ActorCell.scala:526)
	at akka.actor.ActorCell.invoke(ActorCell.scala:495)
	at akka.dispatch.Mailbox.processMailbox(Mailbox.scala:257)
	at akka.dispatch.Mailbox.run(Mailbox.scala:224)
	at akka.dispatch.Mailbox.exec(Mailbox.scala:234)
	at scala.concurrent.forkjoin.ForkJoinTask.doExec(ForkJoinTask.java:260)
	at scala.concurrent.forkjoin.ForkJoinPool$WorkQueue.runTask(ForkJoinPool.java:1339)
	at scala.concurrent.forkjoin.ForkJoinPool.runWorker(ForkJoinPool.java:1979)
	at scala.concurrent.forkjoin.ForkJoinWorkerThread.run(ForkJoinWorkerThread.java:107)
Caused by: com.fasterxml.jackson.databind.JsonMappingException: No serializer found for class org.pcap4j.packet.namednumber.Oui and no properties discovered to create BeanSerializer (to avoid exception, disable SerializationFeature.FAIL_ON_EMPTY_BEANS) ) (through reference chain: org.pcap4j.packet.EthernetHeader["dstAddr"]->org.pcap4j.util.MacAddress["oui"])
	at com.fasterxml.jackson.databind.JsonMappingException.from(JsonMappingException.java:270)
	at com.fasterxml.jackson.databind.ser.impl.UnknownSerializer.failForEmpty(UnknownSerializer.java:68)
	at com.fasterxml.jackson.databind.ser.impl.UnknownSerializer.serialize(UnknownSerializer.java:32)
	at com.fasterxml.jackson.databind.ser.BeanPropertyWriter.serializeAsField(BeanPropertyWriter.java:672)
	at com.fasterxml.jackson.databind.ser.std.BeanSerializerBase.serializeFields(BeanSerializerBase.java:678)
	at com.fasterxml.jackson.databind.ser.BeanSerializer.serialize(BeanSerializer.java:157)
	at com.fasterxml.jackson.databind.ser.BeanPropertyWriter.serializeAsField(BeanPropertyWriter.java:672)
	at com.fasterxml.jackson.databind.ser.std.BeanSerializerBase.serializeFields(BeanSerializerBase.java:678)
	at com.fasterxml.jackson.databind.ser.BeanSerializer.serialize(BeanSerializer.java:157)
	at com.fasterxml.jackson.databind.ser.DefaultSerializerProvider.serializeValue(DefaultSerializerProvider.java:130)
	at com.fasterxml.jackson.databind.ObjectMapper.writeValue(ObjectMapper.java:2444)
	at com.fasterxml.jackson.core.base.GeneratorBase.writeObject(GeneratorBase.java:366)
	at com.fasterxml.jackson.databind.node.POJONode.serialize(POJONode.java:112)
	at com.fasterxml.jackson.databind.node.ObjectNode.serialize(ObjectNode.java:293)
	at com.fasterxml.jackson.databind.ser.std.SerializableSerializer.serialize(SerializableSerializer.java:49)
	at com.fasterxml.jackson.databind.ser.std.SerializableSerializer.serialize(SerializableSerializer.java:27)
	at com.fasterxml.jackson.databind.ser.DefaultSerializerProvider.serializeValue(DefaultSerializerProvider.java:130)
	at com.fasterxml.jackson.databind.ObjectWriter$Prefetch.serialize(ObjectWriter.java:1428)
	at com.fasterxml.jackson.databind.ObjectWriter._configAndWriteValue(ObjectWriter.java:1129)
	at com.fasterxml.jackson.databind.ObjectWriter.writeValueAsString(ObjectWriter.java:1001)
	at play.libs.Json.generateJson(Json.java:58)
	... 22 common frames omitted
2017-05-14 16:29:50,241 [ERROR] from play.core.server.common.WebSocketFlowHandler in application-akka.actor.default-dispatcher-5 - WebSocket flow threw exception
java.lang.RuntimeException: com.fasterxml.jackson.databind.JsonMappingException: No serializer found for class org.pcap4j.packet.namednumber.Oui and no properties discovered to create BeanSerializer (to avoid exception, disable SerializationFeature.FAIL_ON_EMPTY_BEANS) ) (through reference chain: org.pcap4j.packet.EthernetHeader["dstAddr"]->org.pcap4j.util.MacAddress["oui"])
	at play.libs.Json.generateJson(Json.java:60)
	at play.libs.Json.stringify(Json.java:109)
	at play.core.j.JavaWebSocket$$anonfun$5.apply(JavaWebSocket.scala:103)
	at play.core.j.JavaWebSocket$$anonfun$5.apply(JavaWebSocket.scala:103)
	at akka.stream.impl.fusing.Map$$anon$8.onPush(Ops.scala:43)
	at akka.stream.impl.fusing.GraphInterpreter.processPush(GraphInterpreter.scala:747)
	at akka.stream.impl.fusing.GraphInterpreter.processEvent(GraphInterpreter.scala:710)
	at akka.stream.impl.fusing.GraphInterpreter.execute(GraphInterpreter.scala:616)
	at akka.stream.impl.fusing.GraphInterpreterShell.runBatch(ActorGraphInterpreter.scala:471)
	at akka.stream.impl.fusing.GraphInterpreterShell.receive(ActorGraphInterpreter.scala:410)
	at akka.stream.impl.fusing.ActorGraphInterpreter.akka$stream$impl$fusing$ActorGraphInterpreter$$processEvent(ActorGraphInterpreter.scala:603)
	at akka.stream.impl.fusing.ActorGraphInterpreter$$anonfun$receive$1.applyOrElse(ActorGraphInterpreter.scala:618)
	at akka.actor.Actor$class.aroundReceive(Actor.scala:497)
	at akka.stream.impl.fusing.ActorGraphInterpreter.aroundReceive(ActorGraphInterpreter.scala:529)
	at akka.actor.ActorCell.receiveMessage(ActorCell.scala:526)
	at akka.actor.ActorCell.invoke(ActorCell.scala:495)
	at akka.dispatch.Mailbox.processMailbox(Mailbox.scala:257)
	at akka.dispatch.Mailbox.run(Mailbox.scala:224)
	at akka.dispatch.Mailbox.exec(Mailbox.scala:234)
	at scala.concurrent.forkjoin.ForkJoinTask.doExec(ForkJoinTask.java:260)
	at scala.concurrent.forkjoin.ForkJoinPool$WorkQueue.runTask(ForkJoinPool.java:1339)
	at scala.concurrent.forkjoin.ForkJoinPool.runWorker(ForkJoinPool.java:1979)
	at scala.concurrent.forkjoin.ForkJoinWorkerThread.run(ForkJoinWorkerThread.java:107)
Caused by: com.fasterxml.jackson.databind.JsonMappingException: No serializer found for class org.pcap4j.packet.namednumber.Oui and no properties discovered to create BeanSerializer (to avoid exception, disable SerializationFeature.FAIL_ON_EMPTY_BEANS) ) (through reference chain: org.pcap4j.packet.EthernetHeader["dstAddr"]->org.pcap4j.util.MacAddress["oui"])
	at com.fasterxml.jackson.databind.JsonMappingException.from(JsonMappingException.java:270)
	at com.fasterxml.jackson.databind.ser.impl.UnknownSerializer.failForEmpty(UnknownSerializer.java:68)
	at com.fasterxml.jackson.databind.ser.impl.UnknownSerializer.serialize(UnknownSerializer.java:32)
	at com.fasterxml.jackson.databind.ser.BeanPropertyWriter.serializeAsField(BeanPropertyWriter.java:672)
	at com.fasterxml.jackson.databind.ser.std.BeanSerializerBase.serializeFields(BeanSerializerBase.java:678)
	at com.fasterxml.jackson.databind.ser.BeanSerializer.serialize(BeanSerializer.java:157)
	at com.fasterxml.jackson.databind.ser.BeanPropertyWriter.serializeAsField(BeanPropertyWriter.java:672)
	at com.fasterxml.jackson.databind.ser.std.BeanSerializerBase.serializeFields(BeanSerializerBase.java:678)
	at com.fasterxml.jackson.databind.ser.BeanSerializer.serialize(BeanSerializer.java:157)
	at com.fasterxml.jackson.databind.ser.DefaultSerializerProvider.serializeValue(DefaultSerializerProvider.java:130)
	at com.fasterxml.jackson.databind.ObjectMapper.writeValue(ObjectMapper.java:2444)
	at com.fasterxml.jackson.core.base.GeneratorBase.writeObject(GeneratorBase.java:366)
	at com.fasterxml.jackson.databind.node.POJONode.serialize(POJONode.java:112)
	at com.fasterxml.jackson.databind.node.ObjectNode.serialize(ObjectNode.java:293)
	at com.fasterxml.jackson.databind.ser.std.SerializableSerializer.serialize(SerializableSerializer.java:49)
	at com.fasterxml.jackson.databind.ser.std.SerializableSerializer.serialize(SerializableSerializer.java:27)
	at com.fasterxml.jackson.databind.ser.DefaultSerializerProvider.serializeValue(DefaultSerializerProvider.java:130)
	at com.fasterxml.jackson.databind.ObjectWriter$Prefetch.serialize(ObjectWriter.java:1428)
	at com.fasterxml.jackson.databind.ObjectWriter._configAndWriteValue(ObjectWriter.java:1129)
	at com.fasterxml.jackson.databind.ObjectWriter.writeValueAsString(ObjectWriter.java:1001)
	at play.libs.Json.generateJson(Json.java:58)
	... 22 common frames omitted
2017-05-14 16:38:18,998 [INFO] from play.api.Play in application-akka.actor.default-dispatcher-2 - Application started (Dev)
2017-05-14 16:40:03,392 [INFO] from play.api.Play in application-akka.actor.default-dispatcher-5 - Application started (Dev)
2017-05-14 16:44:33,842 [INFO] from play.api.Play in application-akka.actor.default-dispatcher-4 - Application started (Dev)
2017-05-14 16:48:22,138 [INFO] from play.api.Play in application-akka.actor.default-dispatcher-12 - Application started (Dev)
2017-05-14 16:50:08,082 [INFO] from play.api.Play in application-akka.actor.default-dispatcher-3 - Application started (Dev)
2017-05-14 16:51:20,489 [INFO] from play.api.Play in application-akka.actor.default-dispatcher-2 - Application started (Dev)
